Determining if the pthread_create exist failed with the following output:
Change Dir: /home/hoenir/numl_catkin_ws/build/numl_val_demo_tutorials/CMakeFiles/CMakeTmp

Run Build Command:/usr/bin/make "cmTryCompileExec3460638355/fast"
/usr/bin/make -f CMakeFiles/cmTryCompileExec3460638355.dir/build.make CMakeFiles/cmTryCompileExec3460638355.dir/build
make[1]: Entering directory `/home/hoenir/numl_catkin_ws/build/numl_val_demo_tutorials/CMakeFiles/CMakeTmp'
/usr/bin/cmake -E cmake_progress_report /home/hoenir/numl_catkin_ws/build/numl_val_demo_tutorials/CMakeFiles/CMakeTmp/CMakeFiles 1
Building C object CMakeFiles/cmTryCompileExec3460638355.dir/CheckSymbolExists.c.o
/usr/bin/cc    -o CMakeFiles/cmTryCompileExec3460638355.dir/CheckSymbolExists.c.o   -c /home/hoenir/numl_catkin_ws/build/numl_val_demo_tutorials/CMakeFiles/CMakeTmp/CheckSymbolExists.c
Linking C executable cmTryCompileExec3460638355
/usr/bin/cmake -E cmake_link_script CMakeFiles/cmTryCompileExec3460638355.dir/link.txt --verbose=1
/usr/bin/cc       CMakeFiles/cmTryCompileExec3460638355.dir/CheckSymbolExists.c.o  -o cmTryCompileExec3460638355 -rdynamic 
CMakeFiles/cmTryCompileExec3460638355.dir/CheckSymbolExists.c.o: In function `main':
CheckSymbolExists.c:(.text+0x16): undefined reference to `pthread_create'
collect2: error: ld returned 1 exit status
make[1]: Leaving directory `/home/hoenir/numl_catkin_ws/build/numl_val_demo_tutorials/CMakeFiles/CMakeTmp'
make[1]: *** [cmTryCompileExec3460638355] Error 1
make: *** [cmTryCompileExec3460638355/fast] Error 2

File /home/hoenir/numl_catkin_ws/build/numl_val_demo_tutorials/CMakeFiles/CMakeTmp/CheckSymbolExists.c:
/* */
#include <pthread.h>

int main(int argc, char** argv)
{
  (void)argv;
#ifndef pthread_create
  return ((int*)(&pthread_create))[argc];
#else
  (void)argc;
  return 0;
#endif
}

Determining if the function pthread_create exists in the pthreads failed with the following output:
Change Dir: /home/hoenir/numl_catkin_ws/build/numl_val_demo_tutorials/CMakeFiles/CMakeTmp

Run Build Command:/usr/bin/make "cmTryCompileExec597559939/fast"
/usr/bin/make -f CMakeFiles/cmTryCompileExec597559939.dir/build.make CMakeFiles/cmTryCompileExec597559939.dir/build
make[1]: Entering directory `/home/hoenir/numl_catkin_ws/build/numl_val_demo_tutorials/CMakeFiles/CMakeTmp'
/usr/bin/cmake -E cmake_progress_report /home/hoenir/numl_catkin_ws/build/numl_val_demo_tutorials/CMakeFiles/CMakeTmp/CMakeFiles 1
Building C object CMakeFiles/cmTryCompileExec597559939.dir/CheckFunctionExists.c.o
/usr/bin/cc   -DCHECK_FUNCTION_EXISTS=pthread_create   -o CMakeFiles/cmTryCompileExec597559939.dir/CheckFunctionExists.c.o   -c /usr/share/cmake-2.8/Modules/CheckFunctionExists.c
Linking C executable cmTryCompileExec597559939
/usr/bin/cmake -E cmake_link_script CMakeFiles/cmTryCompileExec597559939.dir/link.txt --verbose=1
/usr/bin/cc   -DCHECK_FUNCTION_EXISTS=pthread_create    CMakeFiles/cmTryCompileExec597559939.dir/CheckFunctionExists.c.o  -o cmTryCompileExec597559939 -rdynamic -lpthreads 
/usr/bin/ld: cannot find -lpthreads
collect2: error: ld returned 1 exit status
make[1]: *** [cmTryCompileExec597559939] Error 1
make[1]: Leaving directory `/home/hoenir/numl_catkin_ws/build/numl_val_demo_tutorials/CMakeFiles/CMakeTmp'
make: *** [cmTryCompileExec597559939/fast] Error 2


