Determining if the pthread_create exist failed with the following output:
Change Dir: /home/hoenir/numl_catkin_ws/build/myo_raw/CMakeFiles/CMakeTmp

Run Build Command:/usr/bin/make "cmTryCompileExec1391464281/fast"
/usr/bin/make -f CMakeFiles/cmTryCompileExec1391464281.dir/build.make CMakeFiles/cmTryCompileExec1391464281.dir/build
make[1]: Entering directory `/home/hoenir/numl_catkin_ws/build/myo_raw/CMakeFiles/CMakeTmp'
/usr/bin/cmake -E cmake_progress_report /home/hoenir/numl_catkin_ws/build/myo_raw/CMakeFiles/CMakeTmp/CMakeFiles 1
Building C object CMakeFiles/cmTryCompileExec1391464281.dir/CheckSymbolExists.c.o
/usr/bin/cc    -o CMakeFiles/cmTryCompileExec1391464281.dir/CheckSymbolExists.c.o   -c /home/hoenir/numl_catkin_ws/build/myo_raw/CMakeFiles/CMakeTmp/CheckSymbolExists.c
Linking C executable cmTryCompileExec1391464281
/usr/bin/cmake -E cmake_link_script CMakeFiles/cmTryCompileExec1391464281.dir/link.txt --verbose=1
/usr/bin/cc       CMakeFiles/cmTryCompileExec1391464281.dir/CheckSymbolExists.c.o  -o cmTryCompileExec1391464281 -rdynamic 
CMakeFiles/cmTryCompileExec1391464281.dir/CheckSymbolExists.c.o: In function `main':
CheckSymbolExists.c:(.text+0x16): undefined reference to `pthread_create'
collect2: error: ld returned 1 exit status
make[1]: *** [cmTryCompileExec1391464281] Error 1
make[1]: Leaving directory `/home/hoenir/numl_catkin_ws/build/myo_raw/CMakeFiles/CMakeTmp'
make: *** [cmTryCompileExec1391464281/fast] Error 2

File /home/hoenir/numl_catkin_ws/build/myo_raw/CMakeFiles/CMakeTmp/CheckSymbolExists.c:
/* */
#include <pthread.h>

int main(int argc, char** argv)
{
  (void)argv;
#ifndef pthread_create
  return ((int*)(&pthread_create))[argc];
#else
  (void)argc;
  return 0;
#endif
}

Determining if the function pthread_create exists in the pthreads failed with the following output:
Change Dir: /home/hoenir/numl_catkin_ws/build/myo_raw/CMakeFiles/CMakeTmp

Run Build Command:/usr/bin/make "cmTryCompileExec3176490793/fast"
/usr/bin/make -f CMakeFiles/cmTryCompileExec3176490793.dir/build.make CMakeFiles/cmTryCompileExec3176490793.dir/build
make[1]: Entering directory `/home/hoenir/numl_catkin_ws/build/myo_raw/CMakeFiles/CMakeTmp'
/usr/bin/cmake -E cmake_progress_report /home/hoenir/numl_catkin_ws/build/myo_raw/CMakeFiles/CMakeTmp/CMakeFiles 1
Building C object CMakeFiles/cmTryCompileExec3176490793.dir/CheckFunctionExists.c.o
/usr/bin/cc   -DCHECK_FUNCTION_EXISTS=pthread_create   -o CMakeFiles/cmTryCompileExec3176490793.dir/CheckFunctionExists.c.o   -c /usr/share/cmake-2.8/Modules/CheckFunctionExists.c
Linking C executable cmTryCompileExec3176490793
/usr/bin/cmake -E cmake_link_script CMakeFiles/cmTryCompileExec3176490793.dir/link.txt --verbose=1
/usr/bin/cc   -DCHECK_FUNCTION_EXISTS=pthread_create    CMakeFiles/cmTryCompileExec3176490793.dir/CheckFunctionExists.c.o  -o cmTryCompileExec3176490793 -rdynamic -lpthreads 
/usr/bin/ld: cannot find -lpthreads
collect2: error: ld returned 1 exit status
make[1]: Leaving directory `/home/hoenir/numl_catkin_ws/build/myo_raw/CMakeFiles/CMakeTmp'
make[1]: *** [cmTryCompileExec3176490793] Error 1
make: *** [cmTryCompileExec3176490793/fast] Error 2


