Determining if the pthread_create exist failed with the following output:
Change Dir: /home/hoenir/numl_catkin_ws/build/numl_val_demo_twist_teleop/CMakeFiles/CMakeTmp

Run Build Command:/usr/bin/make "cmTryCompileExec1905698/fast"
/usr/bin/make -f CMakeFiles/cmTryCompileExec1905698.dir/build.make CMakeFiles/cmTryCompileExec1905698.dir/build
make[1]: Entering directory `/home/hoenir/numl_catkin_ws/build/numl_val_demo_twist_teleop/CMakeFiles/CMakeTmp'
/usr/bin/cmake -E cmake_progress_report /home/hoenir/numl_catkin_ws/build/numl_val_demo_twist_teleop/CMakeFiles/CMakeTmp/CMakeFiles 1
Building C object CMakeFiles/cmTryCompileExec1905698.dir/CheckSymbolExists.c.o
/usr/bin/cc    -o CMakeFiles/cmTryCompileExec1905698.dir/CheckSymbolExists.c.o   -c /home/hoenir/numl_catkin_ws/build/numl_val_demo_twist_teleop/CMakeFiles/CMakeTmp/CheckSymbolExists.c
Linking C executable cmTryCompileExec1905698
/usr/bin/cmake -E cmake_link_script CMakeFiles/cmTryCompileExec1905698.dir/link.txt --verbose=1
/usr/bin/cc       CMakeFiles/cmTryCompileExec1905698.dir/CheckSymbolExists.c.o  -o cmTryCompileExec1905698 -rdynamic 
CMakeFiles/cmTryCompileExec1905698.dir/CheckSymbolExists.c.o: In function `main':
CheckSymbolExists.c:(.text+0x16): undefined reference to `pthread_create'
collect2: error: ld returned 1 exit status
make[1]: *** [cmTryCompileExec1905698] Error 1
make[1]: Leaving directory `/home/hoenir/numl_catkin_ws/build/numl_val_demo_twist_teleop/CMakeFiles/CMakeTmp'
make: *** [cmTryCompileExec1905698/fast] Error 2

File /home/hoenir/numl_catkin_ws/build/numl_val_demo_twist_teleop/CMakeFiles/CMakeTmp/CheckSymbolExists.c:
/* */
#include <pthread.h>

int main(int argc, char** argv)
{
  (void)argv;
#ifndef pthread_create
  return ((int*)(&pthread_create))[argc];
#else
  (void)argc;
  return 0;
#endif
}

Determining if the function pthread_create exists in the pthreads failed with the following output:
Change Dir: /home/hoenir/numl_catkin_ws/build/numl_val_demo_twist_teleop/CMakeFiles/CMakeTmp

Run Build Command:/usr/bin/make "cmTryCompileExec814239235/fast"
/usr/bin/make -f CMakeFiles/cmTryCompileExec814239235.dir/build.make CMakeFiles/cmTryCompileExec814239235.dir/build
make[1]: Entering directory `/home/hoenir/numl_catkin_ws/build/numl_val_demo_twist_teleop/CMakeFiles/CMakeTmp'
/usr/bin/cmake -E cmake_progress_report /home/hoenir/numl_catkin_ws/build/numl_val_demo_twist_teleop/CMakeFiles/CMakeTmp/CMakeFiles 1
Building C object CMakeFiles/cmTryCompileExec814239235.dir/CheckFunctionExists.c.o
/usr/bin/cc   -DCHECK_FUNCTION_EXISTS=pthread_create   -o CMakeFiles/cmTryCompileExec814239235.dir/CheckFunctionExists.c.o   -c /usr/share/cmake-2.8/Modules/CheckFunctionExists.c
Linking C executable cmTryCompileExec814239235
/usr/bin/cmake -E cmake_link_script CMakeFiles/cmTryCompileExec814239235.dir/link.txt --verbose=1
/usr/bin/cc   -DCHECK_FUNCTION_EXISTS=pthread_create    CMakeFiles/cmTryCompileExec814239235.dir/CheckFunctionExists.c.o  -o cmTryCompileExec814239235 -rdynamic -lpthreads 
/usr/bin/ld: cannot find -lpthreads
collect2: error: ld returned 1 exit status
make[1]: *** [cmTryCompileExec814239235] Error 1
make[1]: Leaving directory `/home/hoenir/numl_catkin_ws/build/numl_val_demo_twist_teleop/CMakeFiles/CMakeTmp'
make: *** [cmTryCompileExec814239235/fast] Error 2


